6월 08, 2015 2:31:21 오후 org.apache.reef.util.REEFVersion logVersion
정보: REEF Version: 0.12.0-incubating-SNAPSHOT
6월 08, 2015 2:31:21 오후 org.apache.reef.wake.remote.address.HostnameBasedLocalAddressProvider <init>
정보: Instantiating HostnameBasedLocalAddressProvider
6월 08, 2015 2:31:22 오후 org.apache.reef.wake.remote.address.HostnameBasedLocalAddressProvider <init>
정보: Instantiating HostnameBasedLocalAddressProvider
6월 08, 2015 2:31:22 오후 org.apache.reef.runtime.common.evaluator.context.defaults.DefaultContextStartHandler onNext
정보: DefaultContextStartHandler received: org.apache.reef.runtime.common.evaluator.context.ContextStartImpl@64492e19
6월 08, 2015 2:31:52 오후 org.apache.reef.runtime.common.evaluator.context.ContextManager handleTaskException
심각: TaskClientCodeException
org.apache.reef.runtime.common.evaluator.task.TaskClientCodeException: Failure in task '1' in context 'SchedulerContext': Unable to instantiate the new task
	at org.apache.reef.runtime.common.evaluator.context.ContextRuntime.startTask(ContextRuntime.java:260)
	at org.apache.reef.runtime.common.evaluator.context.ContextManager.startTask(ContextManager.java:320)
	at org.apache.reef.runtime.common.evaluator.context.ContextManager.handleContextControlProtocol(ContextManager.java:171)
	at org.apache.reef.runtime.common.evaluator.EvaluatorRuntime.onEvaluatorControlMessage(EvaluatorRuntime.java:107)
	at org.apache.reef.runtime.common.evaluator.EvaluatorRuntime.onNext(EvaluatorRuntime.java:163)
	at org.apache.reef.runtime.common.evaluator.EvaluatorRuntime.onNext(EvaluatorRuntime.java:43)
	at org.apache.reef.wake.remote.impl.HandlerContainer.onNext(HandlerContainer.java:139)
	at org.apache.reef.wake.remote.impl.HandlerContainer.onNext(HandlerContainer.java:37)
	at org.apache.reef.wake.remote.impl.OrderedPullEventHandler.onNext(OrderedRemoteReceiverStage.java:164)
	at org.apache.reef.wake.remote.impl.OrderedPullEventHandler.onNext(OrderedRemoteReceiverStage.java:146)
	at org.apache.reef.wake.impl.ThreadPoolStage$1.run(ThreadPoolStage.java:180)
	at java.util.concurrent.Executors$RunnableAdapter.call(Executors.java:471)
	at java.util.concurrent.FutureTask.run(FutureTask.java:262)
	at java.util.concurrent.ThreadPoolExecutor.runWorker(ThreadPoolExecutor.java:1145)
	at java.util.concurrent.ThreadPoolExecutor$Worker.run(ThreadPoolExecutor.java:615)
	at java.lang.Thread.run(Thread.java:745)
Caused by: org.apache.reef.tang.exceptions.InjectionException: Cannot inject org.apache.reef.runtime.common.evaluator.task.TaskRuntime: Multiple infeasible plans: org.apache.reef.runtime.common.evaluator.task.TaskRuntime:

  [ TaskRuntime = new TaskRuntime
    ( 
      [ ClassNodeImpl 'org.apache.reef.runtime.common.evaluator.HeartBeatManager'
      ]: org.apache.reef.runtime.common.evaluator.HeartBeatManager
      ( org.apache.reef.runtime.common.evaluator.EvaluatorRuntime
      ,org.apache.reef.runtime.common.evaluator.context.ContextManager
      ,org.apache.reef.wake.time.Clock
      ,org.apache.reef.runtime.common.utils.RemoteManager
      ,int org.apache.reef.runtime.common.evaluator.parameters.HeartbeatPeriod
      ,java.lang.String org.apache.reef.runtime.common.evaluator.parameters.DriverRemoteIdentifier
      )
    ,  = org.apache.reef.runtime.common.evaluator.HeartBeatManager@ffe9354
    , Task = ForeverFailingTask: no injectable constructors
    , new TaskStatus
      ( String Identifier = 1
      , String ContextIdentifier = SchedulerContext
      , org.apache.reef.tang.implementation.SetInjectionPlan@127a7800
      , 
        [ ClassNodeImpl 'org.apache.reef.runtime.common.evaluator.HeartBeatManager'
        ]: org.apache.reef.runtime.common.evaluator.HeartBeatManager
        ( org.apache.reef.runtime.common.evaluator.EvaluatorRuntime
        ,org.apache.reef.runtime.common.evaluator.context.ContextManager
        ,org.apache.reef.wake.time.Clock
        ,org.apache.reef.runtime.common.utils.RemoteManager
        ,int org.apache.reef.runtime.common.evaluator.parameters.HeartbeatPeriod
        ,java.lang.String org.apache.reef.runtime.common.evaluator.parameters.DriverRemoteIdentifier
        )
      ,  = org.apache.reef.runtime.common.evaluator.HeartBeatManager@ffe9354
      , ExceptionCodec = 
        [ ClassNodeImpl 'org.apache.reef.runtime.common.utils.DefaultExceptionCodec'
        ]: org.apache.reef.runtime.common.utils.DefaultExceptionCodec()
      ,  = org.apache.reef.runtime.common.utils.DefaultExceptionCodec@265c517a
      )
    , org.apache.reef.tang.implementation.InjectionFuturePlan@76e93442
    , org.apache.reef.tang.implementation.InjectionFuturePlan@4866160b
    , org.apache.reef.tang.implementation.InjectionFuturePlan@2631514f
    , String Memento = null
    , new TaskLifeCycleHandlers
      ( org.apache.reef.tang.implementation.SetInjectionPlan@6fd12d1f
      , org.apache.reef.tang.implementation.SetInjectionPlan@de98793
      , new TaskStartImpl
        ( String Identifier = 1
        )
      , new TaskStopImpl
        ( String Identifier = 1
        )
      )
    ) 
    | new TaskRuntime
    ( 
      [ ClassNodeImpl 'org.apache.reef.runtime.common.evaluator.HeartBeatManager'
      ]: org.apache.reef.runtime.common.evaluator.HeartBeatManager
      ( org.apache.reef.runtime.common.evaluator.EvaluatorRuntime
      ,org.apache.reef.runtime.common.evaluator.context.ContextManager
      ,org.apache.reef.wake.time.Clock
      ,org.apache.reef.runtime.common.utils.RemoteManager
      ,int org.apache.reef.runtime.common.evaluator.parameters.HeartbeatPeriod
      ,java.lang.String org.apache.reef.runtime.common.evaluator.parameters.DriverRemoteIdentifier
      )
    ,  = org.apache.reef.runtime.common.evaluator.HeartBeatManager@ffe9354
    , Task = ForeverFailingTask: no injectable constructors
    , new TaskStatus
      ( String Identifier = 1
      , String ContextIdentifier = SchedulerContext
      , org.apache.reef.tang.implementation.SetInjectionPlan@127a7800
      , 
        [ ClassNodeImpl 'org.apache.reef.runtime.common.evaluator.HeartBeatManager'
        ]: org.apache.reef.runtime.common.evaluator.HeartBeatManager
        ( org.apache.reef.runtime.common.evaluator.EvaluatorRuntime
        ,org.apache.reef.runtime.common.evaluator.context.ContextManager
        ,org.apache.reef.wake.time.Clock
        ,org.apache.reef.runtime.common.utils.RemoteManager
        ,int org.apache.reef.runtime.common.evaluator.parameters.HeartbeatPeriod
        ,java.lang.String org.apache.reef.runtime.common.evaluator.parameters.DriverRemoteIdentifier
        )
      ,  = org.apache.reef.runtime.common.evaluator.HeartBeatManager@ffe9354
      , ExceptionCodec = 
        [ ClassNodeImpl 'org.apache.reef.runtime.common.utils.DefaultExceptionCodec'
        ]: org.apache.reef.runtime.common.utils.DefaultExceptionCodec()
      ,  = org.apache.reef.runtime.common.utils.DefaultExceptionCodec@265c517a
      )
    , org.apache.reef.tang.implementation.InjectionFuturePlan@846692c
    , org.apache.reef.tang.implementation.InjectionFuturePlan@46a2cbf2
    , org.apache.reef.tang.implementation.InjectionFuturePlan@69fba118
    , new TaskLifeCycleHandlers
      ( org.apache.reef.tang.implementation.SetInjectionPlan@6fd12d1f
      , org.apache.reef.tang.implementation.SetInjectionPlan@de98793
      , new TaskStartImpl
        ( String Identifier = 1
        )
      , new TaskStopImpl
        ( String Identifier = 1
        )
      )
    )
  ]
	at org.apache.reef.tang.implementation.java.InjectorImpl.injectFromPlan(InjectorImpl.java:594)
	at org.apache.reef.tang.implementation.java.InjectorImpl.getInstance(InjectorImpl.java:513)
	at org.apache.reef.tang.implementation.java.InjectorImpl.getInstance(InjectorImpl.java:531)
	at org.apache.reef.runtime.common.evaluator.context.ContextRuntime.startTask(ContextRuntime.java:253)
	... 15 more

6월 08, 2015 2:31:52 오후 org.apache.reef.runtime.common.evaluator.context.ContextManager handleTaskException
심각: Sending heartbeat: task_id: "1"
context_id: "SchedulerContext"
state: FAILED
result: "\254\355\000\005sr\0002org.apache.reef.tang.exceptions.InjectionException\000\000\000\000\000\000\000\001\002\000\000xr\000\023java.lang.Exception\320\375\037>\032;\034\304\002\000\000xr\000\023java.lang.Throwable\325\3065\'9w\270\313\003\000\004L\000\005causet\000\025Ljava/lang/Throwable;L\000\rdetailMessaget\000\022Ljava/lang/String;[\000\nstackTracet\000\036[Ljava/lang/StackTraceElement;L\000\024suppressedExceptionst\000\020Ljava/util/List;xpq\000~\000\at\023gCannot inject org.apache.reef.runtime.common.evaluator.task.TaskRuntime: Multiple infeasible plans: org.apache.reef.runtime.common.evaluator.task.TaskRuntime:\n\n  [ TaskRuntime = new TaskRuntime\n    ( \n      [ ClassNodeImpl \'org.apache.reef.runtime.common.evaluator.HeartBeatManager\'\n      ]: org.apache.reef.runtime.common.evaluator.HeartBeatManager\n      ( org.apache.reef.runtime.common.evaluator.EvaluatorRuntime\n      ,org.apache.reef.runtime.common.evaluator.context.ContextManager\n      ,org.apache.reef.wake.time.Clock\n      ,org.apache.reef.runtime.common.utils.RemoteManager\n      ,int org.apache.reef.runtime.common.evaluator.parameters.HeartbeatPeriod\n      ,java.lang.String org.apache.reef.runtime.common.evaluator.parameters.DriverRemoteIdentifier\n      )\n    ,  = org.apache.reef.runtime.common.evaluator.HeartBeatManager@ffe9354\n    , Task = ForeverFailingTask: no injectable constructors\n    , new TaskStatus\n      ( String Identifier = 1\n      , String ContextIdentifier = SchedulerContext\n      , org.apache.reef.tang.implementation.SetInjectionPlan@127a7800\n      , \n        [ ClassNodeImpl \'org.apache.reef.runtime.common.evaluator.HeartBeatManager\'\n        ]: org.apache.reef.runtime.common.evaluator.HeartBeatManager\n        ( org.apache.reef.runtime.common.evaluator.EvaluatorRuntime\n        ,org.apache.reef.runtime.common.evaluator.context.ContextManager\n        ,org.apache.reef.wake.time.Clock\n        ,org.apache.reef.runtime.common.utils.RemoteManager\n        ,int org.apache.reef.runtime.common.evaluator.parameters.HeartbeatPeriod\n        ,java.lang.String org.apache.reef.runtime.common.evaluator.parameters.DriverRemoteIdentifier\n        )\n      ,  = org.apache.reef.runtime.common.evaluator.HeartBeatManager@ffe9354\n      , ExceptionCodec = \n        [ ClassNodeImpl \'org.apache.reef.runtime.common.utils.DefaultExceptionCodec\'\n        ]: org.apache.reef.runtime.common.utils.DefaultExceptionCodec()\n      ,  = org.apache.reef.runtime.common.utils.DefaultExceptionCodec@265c517a\n      )\n    , org.apache.reef.tang.implementation.InjectionFuturePlan@76e93442\n    , org.apache.reef.tang.implementation.InjectionFuturePlan@4866160b\n    , org.apache.reef.tang.implementation.InjectionFuturePlan@2631514f\n    , String Memento = null\n    , new TaskLifeCycleHandlers\n      ( org.apache.reef.tang.implementation.SetInjectionPlan@6fd12d1f\n      , org.apache.reef.tang.implementation.SetInjectionPlan@de98793\n      , new TaskStartImpl\n        ( String Identifier = 1\n        )\n      , new TaskStopImpl\n        ( String Identifier = 1\n        )\n      )\n    ) \n    | new TaskRuntime\n    ( \n      [ ClassNodeImpl \'org.apache.reef.runtime.common.evaluator.HeartBeatManager\'\n      ]: org.apache.reef.runtime.common.evaluator.HeartBeatManager\n      ( org.apache.reef.runtime.common.evaluator.EvaluatorRuntime\n      ,org.apache.reef.runtime.common.evaluator.context.ContextManager\n      ,org.apache.reef.wake.time.Clock\n      ,org.apache.reef.runtime.common.utils.RemoteManager\n      ,int org.apache.reef.runtime.common.evaluator.parameters.HeartbeatPeriod\n      ,java.lang.String org.apache.reef.runtime.common.evaluator.parameters.DriverRemoteIdentifier\n      )\n    ,  = org.apache.reef.runtime.common.evaluator.HeartBeatManager@ffe9354\n    , Task = ForeverFailingTask: no injectable constructors\n    , new TaskStatus\n      ( String Identifier = 1\n      , String ContextIdentifier = SchedulerContext\n      , org.apache.reef.tang.implementation.SetInjectionPlan@127a7800\n      , \n        [ ClassNodeImpl \'org.apache.reef.runtime.common.evaluator.HeartBeatManager\'\n        ]: org.apache.reef.runtime.common.evaluator.HeartBeatManager\n        ( org.apache.reef.runtime.common.evaluator.EvaluatorRuntime\n        ,org.apache.reef.runtime.common.evaluator.context.ContextManager\n        ,org.apache.reef.wake.time.Clock\n        ,org.apache.reef.runtime.common.utils.RemoteManager\n        ,int org.apache.reef.runtime.common.evaluator.parameters.HeartbeatPeriod\n        ,java.lang.String org.apache.reef.runtime.common.evaluator.parameters.DriverRemoteIdentifier\n        )\n      ,  = org.apache.reef.runtime.common.evaluator.HeartBeatManager@ffe9354\n      , ExceptionCodec = \n        [ ClassNodeImpl \'org.apache.reef.runtime.common.utils.DefaultExceptionCodec\'\n        ]: org.apache.reef.runtime.common.utils.DefaultExceptionCodec()\n      ,  = org.apache.reef.runtime.common.utils.DefaultExceptionCodec@265c517a\n      )\n    , org.apache.reef.tang.implementation.InjectionFuturePlan@846692c\n    , org.apache.reef.tang.implementation.InjectionFuturePlan@46a2cbf2\n    , org.apache.reef.tang.implementation.InjectionFuturePlan@69fba118\n    , new TaskLifeCycleHandlers\n      ( org.apache.reef.tang.implementation.SetInjectionPlan@6fd12d1f\n      , org.apache.reef.tang.implementation.SetInjectionPlan@de98793\n      , new TaskStartImpl\n        ( String Identifier = 1\n        )\n      , new TaskStopImpl\n        ( String Identifier = 1\n        )\n      )\n    )\n  ]ur\000\036[Ljava.lang.StackTraceElement;\002F*<<\375\"9\002\000\000xp\000\000\000\023sr\000\033java.lang.StackTraceElementa\t\305\232&6\335\205\002\000\004I\000\nlineNumberL\000\016declaringClassq\000~\000\004L\000\bfileNameq\000~\000\004L\000\nmethodNameq\000~\000\004xp\000\000\002Rt\0005org.apache.reef.tang.implementation.java.InjectorImplt\000\021InjectorImpl.javat\000\016injectFromPlansq\000~\000\v\000\000\002\001q\000~\000\rq\000~\000\016t\000\vgetInstancesq\000~\000\v\000\000\002\023q\000~\000\rq\000~\000\016q\000~\000\021sq\000~\000\v\000\000\000\375t\000?org.apache.reef.runtime.common.evaluator.context.ContextRuntimet\000\023ContextRuntime.javat\000\tstartTasksq\000~\000\v\000\000\001@t\000?org.apache.reef.runtime.common.evaluator.context.ContextManagert\000\023ContextManager.javaq\000~\000\026sq\000~\000\v\000\000\000\253q\000~\000\030q\000~\000\031t\000\034handleContextControlProtocolsq\000~\000\v\000\000\000kt\0009org.apache.reef.runtime.common.evaluator.EvaluatorRuntimet\000\025EvaluatorRuntime.javat\000\031onEvaluatorControlMessagesq\000~\000\v\000\000\000\243q\000~\000\035q\000~\000\036t\000\006onNextsq\000~\000\v\000\000\000+q\000~\000\035q\000~\000\036q\000~\000!sq\000~\000\v\000\000\000\213t\0001org.apache.reef.wake.remote.impl.HandlerContainert\000\025HandlerContainer.javaq\000~\000!sq\000~\000\v\000\000\000%q\000~\000$q\000~\000%q\000~\000!sq\000~\000\v\000\000\000\244t\0008org.apache.reef.wake.remote.impl.OrderedPullEventHandlert\000\037OrderedRemoteReceiverStage.javaq\000~\000!sq\000~\000\v\000\000\000\222q\000~\000(q\000~\000)q\000~\000!sq\000~\000\v\000\000\000\264t\000+org.apache.reef.wake.impl.ThreadPoolStage$1t\000\024ThreadPoolStage.javat\000\003runsq\000~\000\v\000\000\001\327t\000.java.util.concurrent.Executors$RunnableAdaptert\000\016Executors.javat\000\004callsq\000~\000\v\000\000\001\006t\000\037java.util.concurrent.FutureTaskt\000\017FutureTask.javaq\000~\000.sq\000~\000\v\000\000\004yt\000\'java.util.concurrent.ThreadPoolExecutort\000\027ThreadPoolExecutor.javat\000\trunWorkersq\000~\000\v\000\000\002gt\000.java.util.concurrent.ThreadPoolExecutor$Workerq\000~\0008q\000~\000.sq\000~\000\v\000\000\002\351t\000\020java.lang.Threadt\000\vThread.javaq\000~\000.sr\000&java.util.Collections$UnmodifiableList\374\017%1\265\354\216\020\002\000\001L\000\004listq\000~\000\006xr\000,java.util.Collections$UnmodifiableCollection\031B\000\200\313^\367\036\002\000\001L\000\001ct\000\026Ljava/util/Collection;xpsr\000\023java.util.ArrayListx\201\322\035\231\307a\235\003\000\001I\000\004sizexp\000\000\000\000w\004\000\000\000\000xq\000~\000Dx"

