6월 08, 2015 2:28:03 오후 org.apache.reef.util.REEFVersion logVersion
정보: REEF Version: 0.12.0-incubating-SNAPSHOT
6월 08, 2015 2:28:03 오후 org.apache.reef.wake.remote.address.HostnameBasedLocalAddressProvider <init>
정보: Instantiating HostnameBasedLocalAddressProvider
6월 08, 2015 2:28:05 오후 org.apache.reef.wake.remote.address.HostnameBasedLocalAddressProvider <init>
정보: Instantiating HostnameBasedLocalAddressProvider
6월 08, 2015 2:28:06 오후 org.mortbay.log.Slf4jLog info
정보: Logging to org.slf4j.impl.JDK14LoggerAdapter(org.mortbay.log) via org.mortbay.log.Slf4jLog
6월 08, 2015 2:28:06 오후 org.mortbay.log.Slf4jLog info
정보: jetty-6.1.x
6월 08, 2015 2:28:06 오후 org.mortbay.log.Slf4jLog warn
경고: failed SocketConnector@0.0.0.0:8080: java.net.BindException: 주소가 이미 사용 중입니다
6월 08, 2015 2:28:06 오후 org.mortbay.log.Slf4jLog warn
경고: failed Server@231587fb: java.net.BindException: 주소가 이미 사용 중입니다
6월 08, 2015 2:28:06 오후 org.mortbay.log.Slf4jLog info
정보: jetty-6.1.x
6월 08, 2015 2:28:06 오후 org.mortbay.log.Slf4jLog info
정보: Started SocketConnector@0.0.0.0:2021
6월 08, 2015 2:28:06 오후 org.apache.reef.webserver.HttpServerImpl <init>
정보: Jetty Server started with port: 2,021
6월 08, 2015 2:28:06 오후 org.apache.reef.runtime.common.driver.client.LoggingJobStatusHandler onNext
정보: Received a JobStatus message that can't be sent:
identifier: "TaskScheduler"
state: INIT

6월 08, 2015 2:28:06 오후 org.apache.reef.runtime.common.driver.client.LoggingJobStatusHandler onNext
정보: Received a JobStatus message that can't be sent:
identifier: "TaskScheduler"
state: RUNNING

6월 08, 2015 2:28:06 오후 org.apache.reef.examples.scheduler.SchedulerDriver$StartHandler onNext
정보: Driver started at org.apache.reef.wake.time.event.StartTime[1433741286337]
6월 08, 2015 2:28:06 오후 org.apache.reef.examples.scheduler.SchedulerDriver$EvaluatorAllocatedHandler onNext
정보: Evaluator is ready
6월 08, 2015 2:28:06 오후 org.apache.reef.runtime.local.driver.ResourceManager sendRuntimeStatus
정보: Allocated: 1, Outstanding requests: Optional:{0}
6월 08, 2015 2:28:06 오후 org.apache.reef.runtime.local.driver.ResourceManager sendRuntimeStatus
정보: Allocated: 1, Outstanding requests: Optional:{0}
6월 08, 2015 2:28:06 오후 org.apache.reef.runtime.common.driver.evaluator.AllocatedEvaluatorImpl makeRootServiceConfiguration
정보: No service configuration given and no ConfigurationProviders set.
6월 08, 2015 2:28:06 오후 org.apache.reef.runtime.local.process.ReefRunnableProcessObserver onResourceStatus
정보: Sending resource status: org.apache.reef.runtime.common.driver.resourcemanager.ResourceStatusEventImpl@1b41b392 
6월 08, 2015 2:28:09 오후 org.apache.reef.examples.scheduler.SchedulerDriver$ActiveContextHandler onNext
정보: Context available : SchedulerContext
